<?xml version="1.0" encoding="UTF-8"?>
<!-- Generated by org.testng.reporters.JUnitReportReporter -->
<testsuite hostname="WKWIN1332534" failures="0" tests="3" name="insuranceCalculation_Motorcycle.ErrorTests_motorcycle" time="6.685" errors="0" timestamp="2022-10-02T11:02:38 IST" skipped="2">
  <testcase classname="insuranceCalculation_Motorcycle.ErrorTests_motorcycle" name="verifyModelDropdownOptions" time="6.685"/>
  <system-out/>
  <testcase classname="insuranceCalculation_Motorcycle.ErrorTests_motorcycle" name="errorMessage_PayLoadField1">
    <skipped/>
  </testcase> <!-- errorMessage_PayLoadField1 -->
  <system-out/>
  <testcase classname="insuranceCalculation_Motorcycle.ErrorTests_motorcycle" name="errorMessage_PayLoadField">
    <skipped/>
  </testcase> <!-- errorMessage_PayLoadField -->
  <system-out/>
</testsuite> <!-- insuranceCalculation_Motorcycle.ErrorTests_motorcycle -->
